[debug] [2021-03-26T12:49:06.165Z] ----------------------------------------------------------------------
[debug] [2021-03-26T12:49:06.167Z] Command:       C:\Program Files\nodejs\node.exe C:\Users\Khomohzie\AppData\Roaming\npm\node_modules\firebase-tools\lib\bin\firebase.js emulators:start
[debug] [2021-03-26T12:49:06.168Z] CLI Version:   9.5.0
[debug] [2021-03-26T12:49:06.168Z] Platform:      win32
[debug] [2021-03-26T12:49:06.168Z] Node Version:  v14.15.1
[debug] [2021-03-26T12:49:06.169Z] Time:          Fri Mar 26 2021 13:49:06 GMT+0100 (West Africa Standard Time)
[debug] [2021-03-26T12:49:06.169Z] ----------------------------------------------------------------------
[debug] [2021-03-26T12:49:06.169Z] 
[debug] [2021-03-26T12:49:06.177Z] > command requires scopes: ["email","openid","https://www.googleapis.com/auth/cloudplatformprojects.readonly","https://www.googleapis.com/auth/firebase","https://www.googleapis.com/auth/cloud-platform"]
[debug] [2021-03-26T12:49:06.178Z] > authorizing via signed-in user
[info] i  emulators: Starting emulators: functions, hosting {"metadata":{"emulator":{"name":"hub"},"message":"Starting emulators: functions, hosting"}}
[debug] [2021-03-26T12:49:06.236Z] [hub] writing locator at C:\Users\KHOMOH~1\AppData\Local\Temp\hub-ama-a8af2.json
[warn] !  functions: The following emulators are not running, calls to these services from the Functions emulator will affect production: auth, firestore, database, pubsub {"metadata":{"emulator":{"name":"functions"},"message":"The following emulators are not running, calls to these services from the Functions emulator will affect production: \u001b[1mauth, firestore, database, pubsub\u001b[22m"}}
[warn] !  Your requested "node" version "12" doesn't match your global version "14" {"metadata":{"emulator":{"name":"functions"},"message":"Your requested \"node\" version \"12\" doesn't match your global version \"14\""}}
[debug] [2021-03-26T12:49:06.287Z] defaultcredentials: writing to file C:\Users\Khomohzie\AppData\Roaming\firebase\komozy2000_gmail_com_application_default_credentials.json
[debug] [2021-03-26T12:49:06.289Z] Setting GAC to C:\Users\Khomohzie\AppData\Roaming\firebase\komozy2000_gmail_com_application_default_credentials.json {"metadata":{"emulator":{"name":"functions"},"message":"Setting GAC to C:\\Users\\Khomohzie\\AppData\\Roaming\\firebase\\komozy2000_gmail_com_application_default_credentials.json"}}
[debug] [2021-03-26T12:49:06.292Z] > refreshing access token with scopes: []
[debug] [2021-03-26T12:49:06.293Z] >>> HTTP REQUEST POST https://www.googleapis.com/oauth2/v3/token  
 <request body omitted>
[debug] [2021-03-26T12:49:06.773Z] <<< HTTP RESPONSE 200 {"pragma":"no-cache","date":"Fri, 26 Mar 2021 12:49:07 GMT","cache-control":"no-cache, no-store, max-age=0, must-revalidate","expires":"Mon, 01 Jan 1990 00:00:00 GMT","content-type":"application/json; charset=utf-8","vary":"X-Origin, Referer, Origin,Accept-Encoding","server":"scaffolding on HTTPServer2","x-xss-protection":"0","x-frame-options":"SAMEORIGIN","x-content-type-options":"nosniff","alt-svc":"h3-29=\":443\"; ma=2592000,h3-T051=\":443\"; ma=2592000,h3-Q050=\":443\"; ma=2592000,h3-Q046=\":443\"; ma=2592000,h3-Q043=\":443\"; ma=2592000,quic=\":443\"; ma=2592000; v=\"46,43\"","accept-ranges":"none","transfer-encoding":"chunked"}
[debug] [2021-03-26T12:49:06.829Z] >>> [apiv2][query] GET https://firebase.googleapis.com/v1beta1/projects/ama-a8af2/adminSdkConfig [none]
[debug] [2021-03-26T12:49:07.471Z] <<< [apiv2][status] GET https://firebase.googleapis.com/v1beta1/projects/ama-a8af2/adminSdkConfig 200
[debug] [2021-03-26T12:49:07.471Z] <<< [apiv2][body] GET https://firebase.googleapis.com/v1beta1/projects/ama-a8af2/adminSdkConfig {"projectId":"ama-a8af2","storageBucket":"ama-a8af2.appspot.com"}
[debug] [2021-03-26T12:49:08.053Z] >>> [apiv2][query] GET https://firebase.googleapis.com/v1beta1/projects/ama-a8af2/webApps/-/config [none]
[debug] [2021-03-26T12:49:09.245Z] <<< [apiv2][status] GET https://firebase.googleapis.com/v1beta1/projects/ama-a8af2/webApps/-/config 200
[debug] [2021-03-26T12:49:09.245Z] <<< [apiv2][body] GET https://firebase.googleapis.com/v1beta1/projects/ama-a8af2/webApps/-/config {"projectId":"ama-a8af2","appId":"1:929087948546:web:8753952ee79358db45641b","storageBucket":"ama-a8af2.appspot.com","apiKey":"AIzaSyDeT69KoyU6mBd_VANzdlKKSgbgyjkI3vc","authDomain":"ama-a8af2.firebaseapp.com","messagingSenderId":"929087948546","measurementId":"G-MYRV7XFYVP"}
[info] i  hosting: Serving hosting files from: build {"metadata":{"emulator":{"name":"hosting"},"message":"Serving hosting files from: \u001b[1mbuild\u001b[22m"}}
[info] +  hosting: Local server: http://localhost:5000 {"metadata":{"emulator":{"name":"hosting"},"message":"Local server: \u001b[4m\u001b[1mhttp://localhost:5000\u001b[22m\u001b[24m"}}
[info] i  ui: downloading ui-v1.4.2.zip... {"metadata":{"emulator":{"name":"ui"},"message":"downloading ui-v1.4.2.zip..."}}
[debug] [2021-03-26T12:49:09.351Z] >>> [apiv2][query] GET https://storage.googleapis.com/firebase-preview-drop/emulator/ui-v1.4.2.zip [none]
[debug] [2021-03-26T12:49:09.789Z] <<< [apiv2][status] GET https://storage.googleapis.com/firebase-preview-drop/emulator/ui-v1.4.2.zip 200
[debug] [2021-03-26T12:49:09.789Z] <<< [apiv2][body] GET https://storage.googleapis.com/firebase-preview-drop/emulator/ui-v1.4.2.zip [stream]
[debug] [2021-03-26T12:50:13.882Z] Ignoring unsupported arg: auto_download {"metadata":{"emulator":{"name":"ui"},"message":"Ignoring unsupported arg: auto_download"}}
[debug] [2021-03-26T12:50:13.882Z] Ignoring unsupported arg: port {"metadata":{"emulator":{"name":"ui"},"message":"Ignoring unsupported arg: port"}}
[debug] [2021-03-26T12:50:13.883Z] Starting Emulator UI with command {"binary":"node","args":["C:\\Users\\Khomohzie\\.cache\\firebase\\emulators\\ui-v1.4.2\\server.bundle.js"],"optionalArgs":[],"joinArgs":false} {"metadata":{"emulator":{"name":"ui"},"message":"Starting Emulator UI with command {\"binary\":\"node\",\"args\":[\"C:\\\\Users\\\\Khomohzie\\\\.cache\\\\firebase\\\\emulators\\\\ui-v1.4.2\\\\server.bundle.js\"],\"optionalArgs\":[],\"joinArgs\":false}"}}
[info] i  ui: Emulator UI logging to ui-debug.log {"metadata":{"emulator":{"name":"ui"},"message":"Emulator UI logging to \u001b[1mui-debug.log\u001b[22m"}}
[debug] [2021-03-26T12:50:14.875Z] Web / API server started at http://localhost:4000
 {"metadata":{"emulator":{"name":"ui"},"message":"Web / API server started at http://localhost:4000\n"}}
[info] i  functions: Watching "C:\Users\Khomohzie\Documents\amazon-clone\functions" for Cloud Functions... {"metadata":{"emulator":{"name":"functions"},"message":"Watching \"C:\\Users\\Khomohzie\\Documents\\amazon-clone\\functions\" for Cloud Functions..."}}
[debug] [2021-03-26T12:50:15.116Z] [worker-pool] addWorker(~diagnostic~) {"metadata":{"emulator":{"name":"functions"},"message":"[worker-pool] addWorker(~diagnostic~)"}}
[debug] [2021-03-26T12:50:15.117Z] [worker-pool] Adding worker with key ~diagnostic~, total=1 {"metadata":{"emulator":{"name":"functions"},"message":"[worker-pool] Adding worker with key ~diagnostic~, total=1"}}
[debug] [2021-03-26T12:50:15.117Z] [worker-pool] submitWork(triggerId=) {"metadata":{"emulator":{"name":"functions"},"message":"[worker-pool] submitWork(triggerId=)"}}
[debug] [2021-03-26T12:50:15.118Z] [worker-~diagnostic~-ce8149bf-b2d0-4657-85de-7f30599ef017]: Assigning socketPath: \\?\pipe\C:\Users\Khomohzie\Documents\amazon-clone\functions\18744 {"metadata":{"emulator":{"name":"functions"},"message":"[worker-~diagnostic~-ce8149bf-b2d0-4657-85de-7f30599ef017]: Assigning socketPath: \\\\?\\pipe\\C:\\Users\\Khomohzie\\Documents\\amazon-clone\\functions\\18744"}}
[debug] [2021-03-26T12:50:15.119Z] [worker-~diagnostic~-ce8149bf-b2d0-4657-85de-7f30599ef017]: BUSY {"metadata":{"emulator":{"name":"functions"},"message":"[worker-~diagnostic~-ce8149bf-b2d0-4657-85de-7f30599ef017]: BUSY"}}
[debug] [2021-03-26T12:50:15.617Z] [runtime-status] [18744] Functions runtime initialized. {"cwd":"C:\\Users\\Khomohzie\\Documents\\amazon-clone\\functions","node_version":"14.15.1"} {"metadata":{"emulator":{"name":"functions"},"message":"[runtime-status] [18744] Functions runtime initialized. {\"cwd\":\"C:\\\\Users\\\\Khomohzie\\\\Documents\\\\amazon-clone\\\\functions\",\"node_version\":\"14.15.1\"}"}}
[debug] [2021-03-26T12:50:15.619Z] [runtime-status] [18744] Disabled runtime features: undefined {"metadata":{"emulator":{"name":"functions"},"message":"[runtime-status] [18744] Disabled runtime features: undefined"}}
[debug] [2021-03-26T12:50:15.623Z] [runtime-status] [18744] Resolved module firebase-admin {"declared":true,"installed":true,"version":"9.5.0","resolution":"C:\\Users\\Khomohzie\\Documents\\amazon-clone\\functions\\node_modules\\firebase-admin\\lib\\index.js"} {"metadata":{"emulator":{"name":"functions"},"message":"[runtime-status] [18744] Resolved module firebase-admin {\"declared\":true,\"installed\":true,\"version\":\"9.5.0\",\"resolution\":\"C:\\\\Users\\\\Khomohzie\\\\Documents\\\\amazon-clone\\\\functions\\\\node_modules\\\\firebase-admin\\\\lib\\\\index.js\"}"}}
[debug] [2021-03-26T12:50:15.625Z] [runtime-status] [18744] Resolved module firebase-functions {"declared":true,"installed":true,"version":"3.13.2","resolution":"C:\\Users\\Khomohzie\\Documents\\amazon-clone\\functions\\node_modules\\firebase-functions\\lib\\index.js"} {"metadata":{"emulator":{"name":"functions"},"message":"[runtime-status] [18744] Resolved module firebase-functions {\"declared\":true,\"installed\":true,\"version\":\"3.13.2\",\"resolution\":\"C:\\\\Users\\\\Khomohzie\\\\Documents\\\\amazon-clone\\\\functions\\\\node_modules\\\\firebase-functions\\\\lib\\\\index.js\"}"}}
[debug] [2021-03-26T12:50:15.628Z] [runtime-status] [18744] Resolved module firebase-functions {"declared":true,"installed":true,"version":"3.13.2","resolution":"C:\\Users\\Khomohzie\\Documents\\amazon-clone\\functions\\node_modules\\firebase-functions\\lib\\index.js"} {"metadata":{"emulator":{"name":"functions"},"message":"[runtime-status] [18744] Resolved module firebase-functions {\"declared\":true,\"installed\":true,\"version\":\"3.13.2\",\"resolution\":\"C:\\\\Users\\\\Khomohzie\\\\Documents\\\\amazon-clone\\\\functions\\\\node_modules\\\\firebase-functions\\\\lib\\\\index.js\"}"}}
[debug] [2021-03-26T12:50:15.631Z] [runtime-status] [18744] Outgoing network have been stubbed. [{"name":"http","status":"mocked"},{"name":"http","status":"mocked"},{"name":"https","status":"mocked"},{"name":"https","status":"mocked"},{"name":"net","status":"mocked"}] {"metadata":{"emulator":{"name":"functions"},"message":"[runtime-status] [18744] Outgoing network have been stubbed. [{\"name\":\"http\",\"status\":\"mocked\"},{\"name\":\"http\",\"status\":\"mocked\"},{\"name\":\"https\",\"status\":\"mocked\"},{\"name\":\"https\",\"status\":\"mocked\"},{\"name\":\"net\",\"status\":\"mocked\"}]"}}
[debug] [2021-03-26T12:50:15.632Z] [runtime-status] [18744] Resolved module firebase-functions {"declared":true,"installed":true,"version":"3.13.2","resolution":"C:\\Users\\Khomohzie\\Documents\\amazon-clone\\functions\\node_modules\\firebase-functions\\lib\\index.js"} {"metadata":{"emulator":{"name":"functions"},"message":"[runtime-status] [18744] Resolved module firebase-functions {\"declared\":true,\"installed\":true,\"version\":\"3.13.2\",\"resolution\":\"C:\\\\Users\\\\Khomohzie\\\\Documents\\\\amazon-clone\\\\functions\\\\node_modules\\\\firebase-functions\\\\lib\\\\index.js\"}"}}
[debug] [2021-03-26T12:50:15.719Z] [runtime-status] [18744] Checked functions.config() {"config":{}} {"metadata":{"emulator":{"name":"functions"},"message":"[runtime-status] [18744] Checked functions.config() {\"config\":{}}"}}
[debug] [2021-03-26T12:50:15.720Z] [runtime-status] [18744] firebase-functions has been stubbed. {"functionsResolution":{"declared":true,"installed":true,"version":"3.13.2","resolution":"C:\\Users\\Khomohzie\\Documents\\amazon-clone\\functions\\node_modules\\firebase-functions\\lib\\index.js"}} {"metadata":{"emulator":{"name":"functions"},"message":"[runtime-status] [18744] firebase-functions has been stubbed. {\"functionsResolution\":{\"declared\":true,\"installed\":true,\"version\":\"3.13.2\",\"resolution\":\"C:\\\\Users\\\\Khomohzie\\\\Documents\\\\amazon-clone\\\\functions\\\\node_modules\\\\firebase-functions\\\\lib\\\\index.js\"}}"}}
[debug] [2021-03-26T12:50:15.722Z] [runtime-status] [18744] Resolved module firebase-functions {"declared":true,"installed":true,"version":"3.13.2","resolution":"C:\\Users\\Khomohzie\\Documents\\amazon-clone\\functions\\node_modules\\firebase-functions\\lib\\index.js"} {"metadata":{"emulator":{"name":"functions"},"message":"[runtime-status] [18744] Resolved module firebase-functions {\"declared\":true,\"installed\":true,\"version\":\"3.13.2\",\"resolution\":\"C:\\\\Users\\\\Khomohzie\\\\Documents\\\\amazon-clone\\\\functions\\\\node_modules\\\\firebase-functions\\\\lib\\\\index.js\"}"}}
[debug] [2021-03-26T12:50:15.726Z] [runtime-status] [18744] Resolved module firebase-admin {"declared":true,"installed":true,"version":"9.5.0","resolution":"C:\\Users\\Khomohzie\\Documents\\amazon-clone\\functions\\node_modules\\firebase-admin\\lib\\index.js"} {"metadata":{"emulator":{"name":"functions"},"message":"[runtime-status] [18744] Resolved module firebase-admin {\"declared\":true,\"installed\":true,\"version\":\"9.5.0\",\"resolution\":\"C:\\\\Users\\\\Khomohzie\\\\Documents\\\\amazon-clone\\\\functions\\\\node_modules\\\\firebase-admin\\\\lib\\\\index.js\"}"}}
[debug] [2021-03-26T12:50:15.728Z] [runtime-status] [18744] Resolved module firebase-functions {"declared":true,"installed":true,"version":"3.13.2","resolution":"C:\\Users\\Khomohzie\\Documents\\amazon-clone\\functions\\node_modules\\firebase-functions\\lib\\index.js"} {"metadata":{"emulator":{"name":"functions"},"message":"[runtime-status] [18744] Resolved module firebase-functions {\"declared\":true,\"installed\":true,\"version\":\"3.13.2\",\"resolution\":\"C:\\\\Users\\\\Khomohzie\\\\Documents\\\\amazon-clone\\\\functions\\\\node_modules\\\\firebase-functions\\\\lib\\\\index.js\"}"}}
[debug] [2021-03-26T12:50:15.729Z] [runtime-status] [18744] firebase-admin has been stubbed. {"adminResolution":{"declared":true,"installed":true,"version":"9.5.0","resolution":"C:\\Users\\Khomohzie\\Documents\\amazon-clone\\functions\\node_modules\\firebase-admin\\lib\\index.js"}} {"metadata":{"emulator":{"name":"functions"},"message":"[runtime-status] [18744] firebase-admin has been stubbed. {\"adminResolution\":{\"declared\":true,\"installed\":true,\"version\":\"9.5.0\",\"resolution\":\"C:\\\\Users\\\\Khomohzie\\\\Documents\\\\amazon-clone\\\\functions\\\\node_modules\\\\firebase-admin\\\\lib\\\\index.js\"}}"}}
[info] +  functions[api]: http function initialized (http://localhost:5001/ama-a8af2/us-central1/api). {"metadata":{"emulator":{"name":"functions"},"message":"\u001b[1mhttp\u001b[22m function initialized (http://localhost:5001/ama-a8af2/us-central1/api)."}}
[info] 
┌─────────────────────────────────────────────────────────────┐
│ ✔  All emulators ready! It is now safe to connect your app. │
│ i  View Emulator UI at http://localhost:4000                │
└─────────────────────────────────────────────────────────────┘

┌───────────┬────────────────┬─────────────────────────────────┐
│ Emulator  │ Host:Port      │ View in Emulator UI             │
├───────────┼────────────────┼─────────────────────────────────┤
│ Functions │ localhost:5001 │ http://localhost:4000/functions │
├───────────┼────────────────┼─────────────────────────────────┤
│ Hosting   │ localhost:5000 │ n/a                             │
└───────────┴────────────────┴─────────────────────────────────┘
  Emulator Hub running at localhost:4400
  Other reserved ports: 4500

Issues? Report them at https://github.com/firebase/firebase-tools/issues and attach the *-debug.log files.
 
[debug] [2021-03-26T12:50:16.162Z] [worker-~diagnostic~-ce8149bf-b2d0-4657-85de-7f30599ef017]: IDLE {"metadata":{"emulator":{"name":"functions"},"message":"[worker-~diagnostic~-ce8149bf-b2d0-4657-85de-7f30599ef017]: IDLE"}}
[debug] [2021-03-26T12:57:34.075Z] File C:\Users\Khomohzie\Documents\amazon-clone\functions\index.js changed, reloading triggers {"metadata":{"emulator":{"name":"functions"},"message":"File C:\\Users\\Khomohzie\\Documents\\amazon-clone\\functions\\index.js changed, reloading triggers"}}
[debug] [2021-03-26T12:57:35.078Z] [worker-pool] Shutting down IDLE worker (~diagnostic~) {"metadata":{"emulator":{"name":"functions"},"message":"[worker-pool] Shutting down IDLE worker (~diagnostic~)"}}
[debug] [2021-03-26T12:57:35.078Z] [worker-~diagnostic~-ce8149bf-b2d0-4657-85de-7f30599ef017]: FINISHING {"metadata":{"emulator":{"name":"functions"},"message":"[worker-~diagnostic~-ce8149bf-b2d0-4657-85de-7f30599ef017]: FINISHING"}}
[debug] [2021-03-26T12:57:35.095Z] [worker-pool] addWorker(~diagnostic~) {"metadata":{"emulator":{"name":"functions"},"message":"[worker-pool] addWorker(~diagnostic~)"}}
[debug] [2021-03-26T12:57:35.096Z] [worker-pool] Adding worker with key ~diagnostic~, total=2 {"metadata":{"emulator":{"name":"functions"},"message":"[worker-pool] Adding worker with key ~diagnostic~, total=2"}}
[debug] [2021-03-26T12:57:35.096Z] [worker-pool] submitWork(triggerId=) {"metadata":{"emulator":{"name":"functions"},"message":"[worker-pool] submitWork(triggerId=)"}}
[debug] [2021-03-26T12:57:35.096Z] [worker-~diagnostic~-53c9847b-2abb-4996-945b-164de91510cf]: Assigning socketPath: \\?\pipe\C:\Users\Khomohzie\Documents\amazon-clone\functions\18464 {"metadata":{"emulator":{"name":"functions"},"message":"[worker-~diagnostic~-53c9847b-2abb-4996-945b-164de91510cf]: Assigning socketPath: \\\\?\\pipe\\C:\\Users\\Khomohzie\\Documents\\amazon-clone\\functions\\18464"}}
[debug] [2021-03-26T12:57:35.097Z] [worker-~diagnostic~-53c9847b-2abb-4996-945b-164de91510cf]: BUSY {"metadata":{"emulator":{"name":"functions"},"message":"[worker-~diagnostic~-53c9847b-2abb-4996-945b-164de91510cf]: BUSY"}}
[debug] [2021-03-26T12:57:35.105Z] [worker-~diagnostic~-ce8149bf-b2d0-4657-85de-7f30599ef017]: exited {"metadata":{"emulator":{"name":"functions"},"message":"[worker-~diagnostic~-ce8149bf-b2d0-4657-85de-7f30599ef017]: exited"}}
[debug] [2021-03-26T12:57:35.105Z] [worker-~diagnostic~-ce8149bf-b2d0-4657-85de-7f30599ef017]: FINISHED {"metadata":{"emulator":{"name":"functions"},"message":"[worker-~diagnostic~-ce8149bf-b2d0-4657-85de-7f30599ef017]: FINISHED"}}
[debug] [2021-03-26T12:57:35.717Z] [runtime-status] [18464] Functions runtime initialized. {"cwd":"C:\\Users\\Khomohzie\\Documents\\amazon-clone\\functions","node_version":"14.15.1"} {"metadata":{"emulator":{"name":"functions"},"message":"[runtime-status] [18464] Functions runtime initialized. {\"cwd\":\"C:\\\\Users\\\\Khomohzie\\\\Documents\\\\amazon-clone\\\\functions\",\"node_version\":\"14.15.1\"}"}}
[debug] [2021-03-26T12:57:35.721Z] [runtime-status] [18464] Disabled runtime features: undefined {"metadata":{"emulator":{"name":"functions"},"message":"[runtime-status] [18464] Disabled runtime features: undefined"}}
[debug] [2021-03-26T12:57:35.727Z] [runtime-status] [18464] Resolved module firebase-admin {"declared":true,"installed":true,"version":"9.5.0","resolution":"C:\\Users\\Khomohzie\\Documents\\amazon-clone\\functions\\node_modules\\firebase-admin\\lib\\index.js"} {"metadata":{"emulator":{"name":"functions"},"message":"[runtime-status] [18464] Resolved module firebase-admin {\"declared\":true,\"installed\":true,\"version\":\"9.5.0\",\"resolution\":\"C:\\\\Users\\\\Khomohzie\\\\Documents\\\\amazon-clone\\\\functions\\\\node_modules\\\\firebase-admin\\\\lib\\\\index.js\"}"}}
[debug] [2021-03-26T12:57:35.731Z] [runtime-status] [18464] Resolved module firebase-functions {"declared":true,"installed":true,"version":"3.13.2","resolution":"C:\\Users\\Khomohzie\\Documents\\amazon-clone\\functions\\node_modules\\firebase-functions\\lib\\index.js"} {"metadata":{"emulator":{"name":"functions"},"message":"[runtime-status] [18464] Resolved module firebase-functions {\"declared\":true,\"installed\":true,\"version\":\"3.13.2\",\"resolution\":\"C:\\\\Users\\\\Khomohzie\\\\Documents\\\\amazon-clone\\\\functions\\\\node_modules\\\\firebase-functions\\\\lib\\\\index.js\"}"}}
[debug] [2021-03-26T12:57:35.735Z] [runtime-status] [18464] Resolved module firebase-functions {"declared":true,"installed":true,"version":"3.13.2","resolution":"C:\\Users\\Khomohzie\\Documents\\amazon-clone\\functions\\node_modules\\firebase-functions\\lib\\index.js"} {"metadata":{"emulator":{"name":"functions"},"message":"[runtime-status] [18464] Resolved module firebase-functions {\"declared\":true,\"installed\":true,\"version\":\"3.13.2\",\"resolution\":\"C:\\\\Users\\\\Khomohzie\\\\Documents\\\\amazon-clone\\\\functions\\\\node_modules\\\\firebase-functions\\\\lib\\\\index.js\"}"}}
[debug] [2021-03-26T12:57:35.738Z] [runtime-status] [18464] Outgoing network have been stubbed. [{"name":"http","status":"mocked"},{"name":"http","status":"mocked"},{"name":"https","status":"mocked"},{"name":"https","status":"mocked"},{"name":"net","status":"mocked"}] {"metadata":{"emulator":{"name":"functions"},"message":"[runtime-status] [18464] Outgoing network have been stubbed. [{\"name\":\"http\",\"status\":\"mocked\"},{\"name\":\"http\",\"status\":\"mocked\"},{\"name\":\"https\",\"status\":\"mocked\"},{\"name\":\"https\",\"status\":\"mocked\"},{\"name\":\"net\",\"status\":\"mocked\"}]"}}
[debug] [2021-03-26T12:57:35.739Z] [runtime-status] [18464] Resolved module firebase-functions {"declared":true,"installed":true,"version":"3.13.2","resolution":"C:\\Users\\Khomohzie\\Documents\\amazon-clone\\functions\\node_modules\\firebase-functions\\lib\\index.js"} {"metadata":{"emulator":{"name":"functions"},"message":"[runtime-status] [18464] Resolved module firebase-functions {\"declared\":true,\"installed\":true,\"version\":\"3.13.2\",\"resolution\":\"C:\\\\Users\\\\Khomohzie\\\\Documents\\\\amazon-clone\\\\functions\\\\node_modules\\\\firebase-functions\\\\lib\\\\index.js\"}"}}
[debug] [2021-03-26T12:57:35.851Z] [runtime-status] [18464] Checked functions.config() {"config":{}} {"metadata":{"emulator":{"name":"functions"},"message":"[runtime-status] [18464] Checked functions.config() {\"config\":{}}"}}
[debug] [2021-03-26T12:57:35.851Z] [runtime-status] [18464] firebase-functions has been stubbed. {"functionsResolution":{"declared":true,"installed":true,"version":"3.13.2","resolution":"C:\\Users\\Khomohzie\\Documents\\amazon-clone\\functions\\node_modules\\firebase-functions\\lib\\index.js"}} {"metadata":{"emulator":{"name":"functions"},"message":"[runtime-status] [18464] firebase-functions has been stubbed. {\"functionsResolution\":{\"declared\":true,\"installed\":true,\"version\":\"3.13.2\",\"resolution\":\"C:\\\\Users\\\\Khomohzie\\\\Documents\\\\amazon-clone\\\\functions\\\\node_modules\\\\firebase-functions\\\\lib\\\\index.js\"}}"}}
[debug] [2021-03-26T12:57:35.852Z] [runtime-status] [18464] Resolved module firebase-functions {"declared":true,"installed":true,"version":"3.13.2","resolution":"C:\\Users\\Khomohzie\\Documents\\amazon-clone\\functions\\node_modules\\firebase-functions\\lib\\index.js"} {"metadata":{"emulator":{"name":"functions"},"message":"[runtime-status] [18464] Resolved module firebase-functions {\"declared\":true,\"installed\":true,\"version\":\"3.13.2\",\"resolution\":\"C:\\\\Users\\\\Khomohzie\\\\Documents\\\\amazon-clone\\\\functions\\\\node_modules\\\\firebase-functions\\\\lib\\\\index.js\"}"}}
[debug] [2021-03-26T12:57:35.856Z] [runtime-status] [18464] Resolved module firebase-admin {"declared":true,"installed":true,"version":"9.5.0","resolution":"C:\\Users\\Khomohzie\\Documents\\amazon-clone\\functions\\node_modules\\firebase-admin\\lib\\index.js"} {"metadata":{"emulator":{"name":"functions"},"message":"[runtime-status] [18464] Resolved module firebase-admin {\"declared\":true,\"installed\":true,\"version\":\"9.5.0\",\"resolution\":\"C:\\\\Users\\\\Khomohzie\\\\Documents\\\\amazon-clone\\\\functions\\\\node_modules\\\\firebase-admin\\\\lib\\\\index.js\"}"}}
[debug] [2021-03-26T12:57:35.857Z] [runtime-status] [18464] Resolved module firebase-functions {"declared":true,"installed":true,"version":"3.13.2","resolution":"C:\\Users\\Khomohzie\\Documents\\amazon-clone\\functions\\node_modules\\firebase-functions\\lib\\index.js"} {"metadata":{"emulator":{"name":"functions"},"message":"[runtime-status] [18464] Resolved module firebase-functions {\"declared\":true,\"installed\":true,\"version\":\"3.13.2\",\"resolution\":\"C:\\\\Users\\\\Khomohzie\\\\Documents\\\\amazon-clone\\\\functions\\\\node_modules\\\\firebase-functions\\\\lib\\\\index.js\"}"}}
[debug] [2021-03-26T12:57:35.857Z] [runtime-status] [18464] firebase-admin has been stubbed. {"adminResolution":{"declared":true,"installed":true,"version":"9.5.0","resolution":"C:\\Users\\Khomohzie\\Documents\\amazon-clone\\functions\\node_modules\\firebase-admin\\lib\\index.js"}} {"metadata":{"emulator":{"name":"functions"},"message":"[runtime-status] [18464] firebase-admin has been stubbed. {\"adminResolution\":{\"declared\":true,\"installed\":true,\"version\":\"9.5.0\",\"resolution\":\"C:\\\\Users\\\\Khomohzie\\\\Documents\\\\amazon-clone\\\\functions\\\\node_modules\\\\firebase-admin\\\\lib\\\\index.js\"}}"}}
[debug] [2021-03-26T12:57:36.181Z] [worker-~diagnostic~-53c9847b-2abb-4996-945b-164de91510cf]: IDLE {"metadata":{"emulator":{"name":"functions"},"message":"[worker-~diagnostic~-53c9847b-2abb-4996-945b-164de91510cf]: IDLE"}}
[debug] [2021-03-26T12:57:48.125Z] [work-queue] {"queueLength":1,"workRunningCount":0}
[debug] [2021-03-26T12:57:48.126Z] [work-queue] {"queueLength":0,"workRunningCount":1}
[debug] [2021-03-26T12:57:48.128Z] Accepted request GET /ama-a8af2/us-central1/api --> api
[debug] [2021-03-26T12:57:48.129Z] [worker-pool] Cleaned up workers for ~diagnostic~: 2 --> 1 {"metadata":{"emulator":{"name":"functions"},"message":"[worker-pool] Cleaned up workers for ~diagnostic~: 2 --> 1"}}
[debug] [2021-03-26T12:57:48.141Z] [worker-pool] addWorker(api) {"metadata":{"emulator":{"name":"functions"},"message":"[worker-pool] addWorker(api)"}}
[debug] [2021-03-26T12:57:48.142Z] [worker-pool] Adding worker with key api, total=1 {"metadata":{"emulator":{"name":"functions"},"message":"[worker-pool] Adding worker with key api, total=1"}}
[debug] [2021-03-26T12:57:48.143Z] [worker-pool] submitWork(triggerId=api) {"metadata":{"emulator":{"name":"functions"},"message":"[worker-pool] submitWork(triggerId=api)"}}
[debug] [2021-03-26T12:57:48.143Z] [worker-api-152a5d84-7100-4452-83e0-8f4cbbef5c01]: Assigning socketPath: \\?\pipe\C:\Users\Khomohzie\Documents\amazon-clone\functions\18048 {"metadata":{"emulator":{"name":"functions"},"message":"[worker-api-152a5d84-7100-4452-83e0-8f4cbbef5c01]: Assigning socketPath: \\\\?\\pipe\\C:\\Users\\Khomohzie\\Documents\\amazon-clone\\functions\\18048"}}
[debug] [2021-03-26T12:57:48.143Z] [worker-api-152a5d84-7100-4452-83e0-8f4cbbef5c01]: BUSY {"metadata":{"emulator":{"name":"functions"},"message":"[worker-api-152a5d84-7100-4452-83e0-8f4cbbef5c01]: BUSY"}}
[debug] [2021-03-26T12:57:48.690Z] [runtime-status] [18048] Functions runtime initialized. {"cwd":"C:\\Users\\Khomohzie\\Documents\\amazon-clone\\functions","node_version":"14.15.1"} {"metadata":{"emulator":{"name":"functions"},"function":{"name":"api"},"message":"[runtime-status] [18048] Functions runtime initialized. {\"cwd\":\"C:\\\\Users\\\\Khomohzie\\\\Documents\\\\amazon-clone\\\\functions\",\"node_version\":\"14.15.1\"}"}}
[debug] [2021-03-26T12:57:48.697Z] [runtime-status] [18048] Disabled runtime features: undefined {"metadata":{"emulator":{"name":"functions"},"function":{"name":"api"},"message":"[runtime-status] [18048] Disabled runtime features: undefined"}}
[debug] [2021-03-26T12:57:48.704Z] [runtime-status] [18048] Resolved module firebase-admin {"declared":true,"installed":true,"version":"9.5.0","resolution":"C:\\Users\\Khomohzie\\Documents\\amazon-clone\\functions\\node_modules\\firebase-admin\\lib\\index.js"} {"metadata":{"emulator":{"name":"functions"},"function":{"name":"api"},"message":"[runtime-status] [18048] Resolved module firebase-admin {\"declared\":true,\"installed\":true,\"version\":\"9.5.0\",\"resolution\":\"C:\\\\Users\\\\Khomohzie\\\\Documents\\\\amazon-clone\\\\functions\\\\node_modules\\\\firebase-admin\\\\lib\\\\index.js\"}"}}
[debug] [2021-03-26T12:57:48.709Z] [runtime-status] [18048] Resolved module firebase-functions {"declared":true,"installed":true,"version":"3.13.2","resolution":"C:\\Users\\Khomohzie\\Documents\\amazon-clone\\functions\\node_modules\\firebase-functions\\lib\\index.js"} {"metadata":{"emulator":{"name":"functions"},"function":{"name":"api"},"message":"[runtime-status] [18048] Resolved module firebase-functions {\"declared\":true,\"installed\":true,\"version\":\"3.13.2\",\"resolution\":\"C:\\\\Users\\\\Khomohzie\\\\Documents\\\\amazon-clone\\\\functions\\\\node_modules\\\\firebase-functions\\\\lib\\\\index.js\"}"}}
[debug] [2021-03-26T12:57:48.714Z] [runtime-status] [18048] Resolved module firebase-functions {"declared":true,"installed":true,"version":"3.13.2","resolution":"C:\\Users\\Khomohzie\\Documents\\amazon-clone\\functions\\node_modules\\firebase-functions\\lib\\index.js"} {"metadata":{"emulator":{"name":"functions"},"function":{"name":"api"},"message":"[runtime-status] [18048] Resolved module firebase-functions {\"declared\":true,\"installed\":true,\"version\":\"3.13.2\",\"resolution\":\"C:\\\\Users\\\\Khomohzie\\\\Documents\\\\amazon-clone\\\\functions\\\\node_modules\\\\firebase-functions\\\\lib\\\\index.js\"}"}}
[debug] [2021-03-26T12:57:48.719Z] [runtime-status] [18048] Outgoing network have been stubbed. [{"name":"http","status":"mocked"},{"name":"http","status":"mocked"},{"name":"https","status":"mocked"},{"name":"https","status":"mocked"},{"name":"net","status":"mocked"}] {"metadata":{"emulator":{"name":"functions"},"function":{"name":"api"},"message":"[runtime-status] [18048] Outgoing network have been stubbed. [{\"name\":\"http\",\"status\":\"mocked\"},{\"name\":\"http\",\"status\":\"mocked\"},{\"name\":\"https\",\"status\":\"mocked\"},{\"name\":\"https\",\"status\":\"mocked\"},{\"name\":\"net\",\"status\":\"mocked\"}]"}}
[debug] [2021-03-26T12:57:48.720Z] [runtime-status] [18048] Resolved module firebase-functions {"declared":true,"installed":true,"version":"3.13.2","resolution":"C:\\Users\\Khomohzie\\Documents\\amazon-clone\\functions\\node_modules\\firebase-functions\\lib\\index.js"} {"metadata":{"emulator":{"name":"functions"},"function":{"name":"api"},"message":"[runtime-status] [18048] Resolved module firebase-functions {\"declared\":true,\"installed\":true,\"version\":\"3.13.2\",\"resolution\":\"C:\\\\Users\\\\Khomohzie\\\\Documents\\\\amazon-clone\\\\functions\\\\node_modules\\\\firebase-functions\\\\lib\\\\index.js\"}"}}
[debug] [2021-03-26T12:57:48.839Z] [runtime-status] [18048] Checked functions.config() {"config":{}} {"metadata":{"emulator":{"name":"functions"},"function":{"name":"api"},"message":"[runtime-status] [18048] Checked functions.config() {\"config\":{}}"}}
[debug] [2021-03-26T12:57:48.839Z] [runtime-status] [18048] firebase-functions has been stubbed. {"functionsResolution":{"declared":true,"installed":true,"version":"3.13.2","resolution":"C:\\Users\\Khomohzie\\Documents\\amazon-clone\\functions\\node_modules\\firebase-functions\\lib\\index.js"}} {"metadata":{"emulator":{"name":"functions"},"function":{"name":"api"},"message":"[runtime-status] [18048] firebase-functions has been stubbed. {\"functionsResolution\":{\"declared\":true,\"installed\":true,\"version\":\"3.13.2\",\"resolution\":\"C:\\\\Users\\\\Khomohzie\\\\Documents\\\\amazon-clone\\\\functions\\\\node_modules\\\\firebase-functions\\\\lib\\\\index.js\"}}"}}
[debug] [2021-03-26T12:57:48.841Z] [runtime-status] [18048] Resolved module firebase-functions {"declared":true,"installed":true,"version":"3.13.2","resolution":"C:\\Users\\Khomohzie\\Documents\\amazon-clone\\functions\\node_modules\\firebase-functions\\lib\\index.js"} {"metadata":{"emulator":{"name":"functions"},"function":{"name":"api"},"message":"[runtime-status] [18048] Resolved module firebase-functions {\"declared\":true,\"installed\":true,\"version\":\"3.13.2\",\"resolution\":\"C:\\\\Users\\\\Khomohzie\\\\Documents\\\\amazon-clone\\\\functions\\\\node_modules\\\\firebase-functions\\\\lib\\\\index.js\"}"}}
[debug] [2021-03-26T12:57:48.845Z] [runtime-status] [18048] Resolved module firebase-admin {"declared":true,"installed":true,"version":"9.5.0","resolution":"C:\\Users\\Khomohzie\\Documents\\amazon-clone\\functions\\node_modules\\firebase-admin\\lib\\index.js"} {"metadata":{"emulator":{"name":"functions"},"function":{"name":"api"},"message":"[runtime-status] [18048] Resolved module firebase-admin {\"declared\":true,\"installed\":true,\"version\":\"9.5.0\",\"resolution\":\"C:\\\\Users\\\\Khomohzie\\\\Documents\\\\amazon-clone\\\\functions\\\\node_modules\\\\firebase-admin\\\\lib\\\\index.js\"}"}}
[debug] [2021-03-26T12:57:48.847Z] [runtime-status] [18048] Resolved module firebase-functions {"declared":true,"installed":true,"version":"3.13.2","resolution":"C:\\Users\\Khomohzie\\Documents\\amazon-clone\\functions\\node_modules\\firebase-functions\\lib\\index.js"} {"metadata":{"emulator":{"name":"functions"},"function":{"name":"api"},"message":"[runtime-status] [18048] Resolved module firebase-functions {\"declared\":true,\"installed\":true,\"version\":\"3.13.2\",\"resolution\":\"C:\\\\Users\\\\Khomohzie\\\\Documents\\\\amazon-clone\\\\functions\\\\node_modules\\\\firebase-functions\\\\lib\\\\index.js\"}"}}
[debug] [2021-03-26T12:57:48.847Z] [runtime-status] [18048] firebase-admin has been stubbed. {"adminResolution":{"declared":true,"installed":true,"version":"9.5.0","resolution":"C:\\Users\\Khomohzie\\Documents\\amazon-clone\\functions\\node_modules\\firebase-admin\\lib\\index.js"}} {"metadata":{"emulator":{"name":"functions"},"function":{"name":"api"},"message":"[runtime-status] [18048] firebase-admin has been stubbed. {\"adminResolution\":{\"declared\":true,\"installed\":true,\"version\":\"9.5.0\",\"resolution\":\"C:\\\\Users\\\\Khomohzie\\\\Documents\\\\amazon-clone\\\\functions\\\\node_modules\\\\firebase-admin\\\\lib\\\\index.js\"}}"}}
[debug] [2021-03-26T12:57:49.317Z] [runtime-status] [18048] Trigger "api" has been found, beginning invocation! {"metadata":{"emulator":{"name":"functions"},"function":{"name":"api"},"message":"[runtime-status] [18048] Trigger \"api\" has been found, beginning invocation!"}}
[info] i  functions: Beginning execution of "api" {"metadata":{"emulator":{"name":"functions"},"function":{"name":"api"},"message":"Beginning execution of \"api\""}}
[debug] [2021-03-26T12:57:49.321Z] [runtime-status] [18048] triggerDefinition {"httpsTrigger":{},"name":"api","entryPoint":"api"} {"metadata":{"emulator":{"name":"functions"},"function":{"name":"api"},"message":"[runtime-status] [18048] triggerDefinition {\"httpsTrigger\":{},\"name\":\"api\",\"entryPoint\":\"api\"}"}}
[debug] [2021-03-26T12:57:49.321Z] [runtime-status] [18048] Running api in mode HTTPS {"metadata":{"emulator":{"name":"functions"},"function":{"name":"api"},"message":"[runtime-status] [18048] Running api in mode HTTPS"}}
[debug] [2021-03-26T12:57:49.333Z] [runtime-status] [18048] Attempting to listen to socketPath: \\?\pipe\C:\Users\Khomohzie\Documents\amazon-clone\functions\18048 {"metadata":{"emulator":{"name":"functions"},"function":{"name":"api"},"message":"[runtime-status] [18048] Attempting to listen to socketPath: \\\\?\\pipe\\C:\\Users\\Khomohzie\\Documents\\amazon-clone\\functions\\18048"}}
[debug] [2021-03-26T12:57:49.342Z] [functions] Runtime ready! Sending request! {"metadata":{"emulator":{"name":"functions"},"message":"[functions] Runtime ready! Sending request!"}}
[debug] [2021-03-26T12:57:49.343Z] [functions] Got req.url=/ama-a8af2/us-central1/api, mapping to path=/ {"metadata":{"emulator":{"name":"functions"},"message":"[functions] Got req.url=/ama-a8af2/us-central1/api, mapping to path=/"}}
[debug] [2021-03-26T12:57:49.381Z] [runtime-status] [18048] Ephemeral server handling GET request {"metadata":{"emulator":{"name":"functions"},"function":{"name":"api"},"message":"[runtime-status] [18048] Ephemeral server handling GET request"}}
[debug] [2021-03-26T12:57:49.408Z] [runtime-status] [18048] Ephemeral server survived. {"metadata":{"emulator":{"name":"functions"},"function":{"name":"api"},"message":"[runtime-status] [18048] Ephemeral server survived."}}
[info] i  functions: Finished "api" in ~1s {"metadata":{"emulator":{"name":"functions"},"function":{"name":"api"},"message":"Finished \"api\" in ~1s"}}
[debug] [2021-03-26T12:57:49.423Z] [worker-api-152a5d84-7100-4452-83e0-8f4cbbef5c01]: IDLE {"metadata":{"emulator":{"name":"functions"},"message":"[worker-api-152a5d84-7100-4452-83e0-8f4cbbef5c01]: IDLE"}}
[debug] [2021-03-26T12:57:49.424Z] [work-queue] {"queueLength":0,"workRunningCount":0}
[debug] [2021-03-26T12:57:49.552Z] Functions emulator received unknown request at path /favicon.ico
[debug] [2021-03-26T13:05:19.803Z] File C:\Users\Khomohzie\Documents\amazon-clone\functions\index.js changed, reloading triggers {"metadata":{"emulator":{"name":"functions"},"message":"File C:\\Users\\Khomohzie\\Documents\\amazon-clone\\functions\\index.js changed, reloading triggers"}}
